Performing C SOURCE FILE Test CMAKE_HAVE_LIBC_PTHREAD failed with the following output:
Change Dir: /home/chrisg/neovim/.deps/build/src/msgpack-build/CMakeFiles/CMakeTmp

Run Build Command(s):/usr/bin/ninja cmTC_c9281 && [1/2] Building C object CMakeFiles/cmTC_c9281.dir/src.c.o
[2/2] Linking C executable cmTC_c9281
FAILED: cmTC_c9281 
: && /usr/bin/cc -fPIC -DCMAKE_HAVE_LIBC_PTHREAD  -rdynamic CMakeFiles/cmTC_c9281.dir/src.c.o  -o cmTC_c9281   && :
/usr/bin/ld: CMakeFiles/cmTC_c9281.dir/src.c.o: in function `main':
src.c:(.text+0x46): undefined reference to `pthread_create'
/usr/bin/ld: src.c:(.text+0x52): undefined reference to `pthread_detach'
/usr/bin/ld: src.c:(.text+0x63): undefined reference to `pthread_join'
collect2: error: ld returned 1 exit status
ninja: build stopped: subcommand failed.


Source file was:
#include <pthread.h>

void* test_func(void* data)
{
  return data;
}

int main(void)
{
  pthread_t thread;
  pthread_create(&thread, NULL, test_func, NULL);
  pthread_detach(thread);
  pthread_join(thread, NULL);
  pthread_atfork(NULL, NULL, NULL);
  pthread_exit(NULL);

  return 0;
}

Determining if the function pthread_create exists in the pthreads failed with the following output:
Change Dir: /home/chrisg/neovim/.deps/build/src/msgpack-build/CMakeFiles/CMakeTmp

Run Build Command(s):/usr/bin/ninja cmTC_02fb1 && [1/2] Building C object CMakeFiles/cmTC_02fb1.dir/CheckFunctionExists.c.o
[2/2] Linking C executable cmTC_02fb1
FAILED: cmTC_02fb1 
: && /usr/bin/cc -fPIC -DCHECK_FUNCTION_EXISTS=pthread_create  -rdynamic CMakeFiles/cmTC_02fb1.dir/CheckFunctionExists.c.o  -o cmTC_02fb1  -lpthreads && :
/usr/bin/ld: cannot find -lpthreads
collect2: error: ld returned 1 exit status
ninja: build stopped: subcommand failed.



Performing C++ SOURCE FILE Test MSGPACK_ENABLE_GCC_CXX_ATOMIC failed with the following output:
Change Dir: /home/chrisg/neovim/.deps/build/src/msgpack-build/CMakeFiles/CMakeTmp

Run Build Command(s):/usr/bin/ninja cmTC_8b1c9 && [1/2] Building CXX object CMakeFiles/cmTC_8b1c9.dir/src.cxx.o
FAILED: CMakeFiles/cmTC_8b1c9.dir/src.cxx.o 
/usr/bin/c++    -DMSGPACK_DEFAULT_API_VERSION=3 -std=c++98  -DMSGPACK_ENABLE_GCC_CXX_ATOMIC -o CMakeFiles/cmTC_8b1c9.dir/src.cxx.o -c src.cxx
src.cxx:2:10: fatal error: bits/atomicity.h: No such file or directory
    2 | #include <bits/atomicity.h>
      |          ^~~~~~~~~~~~~~~~~~
compilation terminated.
ninja: build stopped: subcommand failed.


Source file was:

#include <bits/atomicity.h>
int atomic_sub(int i) { return __gnu_cxx::__exchange_and_add(&i, -1) - 1; }
int atomic_add(int i) { return __gnu_cxx::__exchange_and_add(&i, 1) + 1; }
int main(int argc, char * argv[])
{
    atomic_sub(1);
    atomic_add(1);
}

